
============= MEMWATCH 2.71 Copyright (C) 1992-1999 Johan Lindh =============

Started at Thu Feb  2 17:54:29 2017

Modes: __STDC__ 64-bit mwDWORD==(unsigned int)
mwROUNDALLOC==8 sizeof(mwData)==56 mwDataSize==56

overflow: <11> string.c(103), 10 bytes alloc'd at <5> helpers.c(26)
overflow: <16> string.c(40), 10 bytes alloc'd at <9> helpers.c(26)
overflow: <20> string.c(81), 6 bytes alloc'd at <14> helpers.c(26)
overflow: <22> string.c(66), 5 bytes alloc'd at <18> helpers.c(26)
overflow: <39> string.c(103), 4 bytes alloc'd at <33> helpers.c(26)
overflow: <41> string.c(66), 4 bytes alloc'd at <37> helpers.c(26)

Stopped at Thu Feb  2 17:54:35 2017

unfreed: <42> helpers.c(26), 8 bytes at 0x7f89a2c02b10  	{F0 2B C0 A2 89 7F 00 00 .. .. .. .. .. .. .. .. .+......}
unfreed: <40> string.c(65), 5 bytes at 0x7f89a2c02bf0  	{65 78 69 74 00 .. .. .. .. .. .. .. .. .. .. .. exit.}

Memory usage statistics (global):
 N)umber of allocations made: 23
 L)argest memory usage      : 211
 T)otal of all alloc() calls: 451
 U)nfreed bytes totals      : 13
MEMWATCH detected 8 anomalies

============= MEMWATCH 2.71 Copyright (C) 1992-1999 Johan Lindh =============

Started at Thu Feb  2 18:05:59 2017

Modes: __STDC__ 64-bit mwDWORD==(unsigned int)
mwROUNDALLOC==8 sizeof(mwData)==56 mwDataSize==56

overflow: <11> string.c(103), 4 bytes alloc'd at <5> helpers.c(26)
overflow: <13> string.c(66), 4 bytes alloc'd at <9> helpers.c(26)

Stopped at Thu Feb  2 18:06:01 2017

unfreed: <14> helpers.c(26), 8 bytes at 0x7fdcbb000100  	{50 01 00 BB DC 7F 00 00 .. .. .. .. .. .. .. .. P.......}
unfreed: <12> string.c(65), 5 bytes at 0x7fdcbb000150  	{65 78 69 74 00 .. .. .. .. .. .. .. .. .. .. .. exit.}

Memory usage statistics (global):
 N)umber of allocations made: 9
 L)argest memory usage      : 145
 T)otal of all alloc() calls: 166
 U)nfreed bytes totals      : 13
MEMWATCH detected 4 anomalies

============= MEMWATCH 2.71 Copyright (C) 1992-1999 Johan Lindh =============

Started at Thu Feb  2 18:06:09 2017

Modes: __STDC__ 64-bit mwDWORD==(unsigned int)
mwROUNDALLOC==8 sizeof(mwData)==56 mwDataSize==56

overflow: <11> string.c(103), 16 bytes alloc'd at <5> helpers.c(26)
overflow: <16> string.c(40), 16 bytes alloc'd at <9> helpers.c(26)
overflow: <20> string.c(81), 13 bytes alloc'd at <14> helpers.c(26)
overflow: <22> string.c(66), 12 bytes alloc'd at <18> helpers.c(26)
WILD free: <28> driver.c(40), unknown pointer 0x68637441776d456d
overflow: <40> string.c(103), 4 bytes alloc'd at <34> helpers.c(26)
overflow: <42> string.c(66), 4 bytes alloc'd at <38> helpers.c(26)

Stopped at Thu Feb  2 18:06:15 2017

unfreed: <43> helpers.c(26), 8 bytes at 0x7fa65ad002b0  	{00 03 D0 5A A6 7F 00 00 .. .. .. .. .. .. .. .. ...Z....}
unfreed: <41> string.c(65), 5 bytes at 0x7fa65ad00300  	{65 78 69 74 00 .. .. .. .. .. .. .. .. .. .. .. exit.}

Memory usage statistics (global):
 N)umber of allocations made: 23
 L)argest memory usage      : 277
 T)otal of all alloc() calls: 562
 U)nfreed bytes totals      : 13
MEMWATCH detected 9 anomalies
